<?xml version="1.0" encoding="UTF-8"?>
<!-- Generated by org.testng.reporters.JUnitReportReporter -->
<testsuite hostname="DESKTOP-Q8PCISB" failures="0" tests="1" name="com.sevenmart.tests.DeliveryBoyPageTest" time="9.410" errors="0" timestamp="2023-07-31T21:41:30 IST" skipped="0">
  <testcase classname="com.sevenmart.tests.DeliveryBoyPageTest" name="user" time="9.410"/>
  <system-out/>
</testsuite> <!-- com.sevenmart.tests.DeliveryBoyPageTest -->
