<?xml version="1.0" encoding="UTF-8"?>
<!-- Generated by org.testng.reporters.JUnitReportReporter -->
<testsuite hostname="DESKTOP-Q8PCISB" failures="0" tests="1" name="com.sevenmart.tests.LoginTest" time="8.679" errors="0" timestamp="2023-07-30T22:52:25 IST" skipped="0">
  <testcase classname="com.sevenmart.tests.LoginTest" name="verifyAdminUserLogin" time="8.679"/>
  <system-out/>
</testsuite> <!-- com.sevenmart.tests.LoginTest -->
