<?xml version="1.0" encoding="UTF-8"?>
<!-- Generated by org.testng.reporters.JUnitReportReporter -->
<testsuite hostname="DESKTOP-Q8PCISB" failures="0" tests="4" name="com.sevenmart.tests.ManageTest" time="49.578" errors="0" timestamp="2023-08-16T02:48:41 IST" skipped="0">
  <testcase classname="com.sevenmart.tests.ManageTest" name="addField_ContentPage" time="13.359"/>
  <system-out/>
  <testcase classname="com.sevenmart.tests.ManageTest" name="deleteAndVerifyField_ContentPage" time="10.436"/>
  <system-out/>
  <testcase classname="com.sevenmart.tests.ManageTest" name="addField_ContentPage" time="13.232"/>
  <system-out/>
  <testcase classname="com.sevenmart.tests.ManageTest" name="addField_ContentPage" time="12.551"/>
  <system-out/>
</testsuite> <!-- com.sevenmart.tests.ManageTest -->
