<?xml version="1.0" encoding="UTF-8"?>
<!-- Generated by org.testng.reporters.JUnitReportReporter -->
<testsuite hostname="DESKTOP-Q8PCISB" failures="0" tests="1" name="com.sevenmart.tests.DeliveryBoyPageTest" time="6.923" errors="0" timestamp="2023-08-13T01:22:21 IST" skipped="0">
  <testcase classname="com.sevenmart.tests.DeliveryBoyPageTest" name="verifyDeliveryBoyGivenByUser" time="6.923"/>
  <system-out/>
</testsuite> <!-- com.sevenmart.tests.DeliveryBoyPageTest -->
