<?xml version="1.0" encoding="UTF-8"?>
<!-- Generated by org.testng.reporters.JUnitReportReporter -->
<testsuite hostname="DESKTOP-Q8PCISB" failures="0" tests="1" name="com.sevenmart.tests.ManageTest" time="5.436" errors="0" timestamp="2023-07-31T23:13:38 IST" skipped="0">
  <testcase classname="com.sevenmart.tests.ManageTest" name="verifyTableFirstCell" time="5.436"/>
  <system-out/>
</testsuite> <!-- com.sevenmart.tests.ManageTest -->
