<?xml version="1.0" encoding="UTF-8"?>
<!-- Generated by org.testng.reporters.JUnitReportReporter -->
<testsuite hostname="DESKTOP-Q8PCISB" failures="0" tests="1" name="com.sevenmart.tests.PushNotificationTest" time="15.798" errors="0" timestamp="2023-07-30T22:37:27 IST" skipped="0">
  <testcase classname="com.sevenmart.tests.PushNotificationTest" name="pushNotificationPage" time="15.798"/>
  <system-out/>
</testsuite> <!-- com.sevenmart.tests.PushNotificationTest -->
