<?xml version="1.0" encoding="UTF-8"?>
<!-- Generated by org.testng.reporters.JUnitReportReporter -->
<testsuite hostname="DESKTOP-Q8PCISB" failures="0" tests="2" name="com.sevenmart.tests.DeliveryBoyPageTest" time="14.416" errors="0" timestamp="2023-08-16T03:24:28 IST" skipped="0">
  <testcase classname="com.sevenmart.tests.DeliveryBoyPageTest" name="verifyDeliveryBoyNameAdded" time="8.228"/>
  <system-out/>
  <testcase classname="com.sevenmart.tests.DeliveryBoyPageTest" name="verifyDeliveryBoyNameAdded" time="6.188"/>
  <system-out/>
</testsuite> <!-- com.sevenmart.tests.DeliveryBoyPageTest -->
