<?xml version="1.0" encoding="UTF-8"?>
<!-- Generated by org.testng.reporters.JUnitReportReporter -->
<testsuite hostname="DESKTOP-Q8PCISB" failures="0" tests="1" name="com.sevenmart.tests.LoginTest" time="3.722" errors="0" timestamp="2023-08-02T08:24:27 IST" skipped="0">
  <testcase classname="com.sevenmart.tests.LoginTest" name="verifyAdminUserLogin" time="3.722"/>
  <system-out/>
</testsuite> <!-- com.sevenmart.tests.LoginTest -->
