<?xml version="1.0" encoding="UTF-8"?>
<!-- Generated by org.testng.reporters.JUnitReportReporter -->
<testsuite hostname="DESKTOP-Q8PCISB" failures="0" tests="3" name="com.sevenmart.tests.ExpenseTest" time="39.522" errors="0" timestamp="2023-08-16T02:48:41 IST" skipped="0">
  <testcase classname="com.sevenmart.tests.ExpenseTest" name="add_VerifyExpenseCategory" time="15.512"/>
  <system-out/>
  <testcase classname="com.sevenmart.tests.ExpenseTest" name="deleteAndVerifyExpenseCategory" time="14.669"/>
  <system-out/>
  <testcase classname="com.sevenmart.tests.ExpenseTest" name="verifyExpenseCategory" time="9.341"/>
  <system-out/>
</testsuite> <!-- com.sevenmart.tests.ExpenseTest -->
