<?xml version="1.0" encoding="UTF-8"?>
<!-- Generated by org.testng.reporters.JUnitReportReporter -->
<testsuite hostname="DESKTOP-Q8PCISB" failures="0" tests="2" name="com.sevenmart.tests.PushNotificationTest" time="15.082" errors="0" timestamp="2023-08-16T03:51:51 IST" skipped="0">
  <testcase classname="com.sevenmart.tests.PushNotificationTest" name="pushNotificationPage" time="7.199"/>
  <system-out/>
  <testcase classname="com.sevenmart.tests.PushNotificationTest" name="pushNotificationPage" time="7.883"/>
  <system-out/>
</testsuite> <!-- com.sevenmart.tests.PushNotificationTest -->
