<?xml version="1.0" encoding="UTF-8"?>
<!-- Generated by org.testng.reporters.JUnitReportReporter -->
<testsuite hostname="DESKTOP-Q8PCISB" failures="0" tests="1" name="com.sevenmart.tests.LoginTest" time="7.445" errors="0" timestamp="2023-08-16T03:24:28 IST" skipped="0">
  <testcase classname="com.sevenmart.tests.LoginTest" name="verifyAdminUserLogin" time="7.445"/>
  <system-out/>
</testsuite> <!-- com.sevenmart.tests.LoginTest -->
