<?xml version="1.0" encoding="UTF-8"?>
<!-- Generated by org.testng.reporters.JUnitReportReporter -->
<testsuite hostname="DESKTOP-Q8PCISB" failures="0" tests="1" name="com.sevenmart.tests.AdminUserTest" time="8.151" errors="0" timestamp="2023-08-01T08:30:32 IST" skipped="0">
  <testcase classname="com.sevenmart.tests.AdminUserTest" name="deleteAdminUser" time="8.151"/>
  <system-out/>
</testsuite> <!-- com.sevenmart.tests.AdminUserTest -->
