<?xml version="1.0" encoding="UTF-8"?>
<!-- Generated by org.testng.reporters.JUnitReportReporter -->
<testsuite hostname="DESKTOP-Q8PCISB" failures="0" tests="1" name="com.sevenmart.tests.AdminUserTest" time="7.948" errors="0" timestamp="2023-08-13T00:51:08 IST" skipped="0">
  <testcase classname="com.sevenmart.tests.AdminUserTest" name="deleteAdminUser" time="7.948"/>
  <system-out/>
</testsuite> <!-- com.sevenmart.tests.AdminUserTest -->
